-- Canu 1.7
--
-- CITATIONS
--
-- Koren S, Walenz BP, Berlin K, Miller JR, Phillippy AM.
-- Canu: scalable and accurate long-read assembly via adaptive k-mer weighting and repeat separation.
-- Genome Res. 2017 May;27(5):722-736.
-- http://doi.org/10.1101/gr.215087.116
-- 
-- Read and contig alignments during correction, consensus and GFA building use:
--   Šošic M, Šikic M.
--   Edlib: a C/C ++ library for fast, exact sequence alignment using edit distance.
--   Bioinformatics. 2017 May 1;33(9):1394-1395.
--   http://doi.org/10.1093/bioinformatics/btw753
-- 
-- Overlaps are generated using:
--   Berlin K, et al.
--   Assembling large genomes with single-molecule sequencing and locality-sensitive hashing.
--   Nat Biotechnol. 2015 Jun;33(6):623-30.
--   http://doi.org/10.1038/nbt.3238
-- 
--   Myers EW, et al.
--   A Whole-Genome Assembly of Drosophila.
--   Science. 2000 Mar 24;287(5461):2196-204.
--   http://doi.org/10.1126/science.287.5461.2196
-- 
--   Li H.
--   Minimap and miniasm: fast mapping and de novo assembly for noisy long sequences.
--   Bioinformatics. 2016 Jul 15;32(14):2103-10.
--   http://doi.org/10.1093/bioinformatics/btw152
-- 
-- Corrected read consensus sequences are generated using an algorithm derived from FALCON-sense:
--   Chin CS, et al.
--   Phased diploid genome assembly with single-molecule real-time sequencing.
--   Nat Methods. 2016 Dec;13(12):1050-1054.
--   http://doi.org/10.1038/nmeth.4035
-- 
-- Contig consensus sequences are generated using an algorithm derived from pbdagcon:
--   Chin CS, et al.
--   Nonhybrid, finished microbial genome assemblies from long-read SMRT sequencing data.
--   Nat Methods. 2013 Jun;10(6):563-9
--   http://doi.org/10.1038/nmeth.2474
-- 
-- CONFIGURE CANU
--
-- Detected Java(TM) Runtime Environment '1.8.0_161' (from '/usr/lib/jvm/java-8-oracle/bin/java').
-- Detected gnuplot version '5.0 patchlevel 3' (from 'gnuplot') and image format 'png'.
-- Detected 40 CPUs and 126 gigabytes of memory.
-- No grid engine detected, grid disabled.
--
--                            (tag)Concurrency
--                     (tag)Threads          |
--            (tag)Memory         |          |
--        (tag)         |         |          |     total usage     algorithm
--        -------  ------  --------   --------  -----------------  -----------------------------
-- Local: meryl      8 GB    4 CPUs x   1 job      8 GB    4 CPUs  (k-mer counting)
-- Local: cormhap    6 GB   10 CPUs x   4 jobs    24 GB   40 CPUs  (overlap detection with mhap)
-- Local: obtovl     4 GB    8 CPUs x   5 jobs    20 GB   40 CPUs  (overlap detection)
-- Local: utgovl     4 GB    8 CPUs x   5 jobs    20 GB   40 CPUs  (overlap detection)
-- Local: ovb        3 GB    1 CPU  x  40 jobs   120 GB   40 CPUs  (overlap store bucketizer)
-- Local: ovs        8 GB    1 CPU  x  15 jobs   120 GB   15 CPUs  (overlap store sorting)
-- Local: red        4 GB    4 CPUs x  10 jobs    40 GB   40 CPUs  (read error detection)
-- Local: oea        4 GB    1 CPU  x  31 jobs   124 GB   31 CPUs  (overlap error adjustment)
-- Local: bat       16 GB    4 CPUs x   1 job     16 GB    4 CPUs  (contig construction)
-- Local: gfa        8 GB    4 CPUs x   1 job      8 GB    4 CPUs  (GFA alignment and processing)
--
-- Found PacBio uncorrected reads in the input files.
--
-- Generating assembly 'canu' in '/scratch/jackson/mix_path_asm/NIST_2-canu'
--
-- Parameters:
--
--  genomeSize        7714010
--
--  Overlap Generation Limits:
--    corOvlErrorRate 0.2400 ( 24.00%)
--    obtOvlErrorRate 0.0450 (  4.50%)
--    utgOvlErrorRate 0.0450 (  4.50%)
--
--  Overlap Processing Limits:
--    corErrorRate    0.3000 ( 30.00%)
--    obtErrorRate    0.0450 (  4.50%)
--    utgErrorRate    0.0450 (  4.50%)
--    cnsErrorRate    0.0750 (  7.50%)
--
--
-- BEGIN CORRECTION
--
----------------------------------------
-- Starting command on Wed Mar 28 08:47:26 2018 with 857.859 GB free disk space

    cd .
    /scratch/nolson/canu-1.7/Linux-amd64/bin/gatekeeperCreate \
      -minlength 1000 \
      -o ./canu.gkpStore.BUILDING \
      ./canu.gkpStore.gkp \
    > ./canu.gkpStore.BUILDING.err 2>&1

-- Finished on Wed Mar 28 08:47:49 2018 (23 seconds) with 857.496 GB free disk space
----------------------------------------
--
-- In gatekeeper store './canu.gkpStore':
--   Found 171256 reads.
--   Found 1374751819 bases (178.21 times coverage).
--
--   Read length histogram (one '*' equals 225.72 reads):
--        0    999      0 
--     1000   1999  15801 **********************************************************************
--     2000   2999  14588 ****************************************************************
--     3000   3999  12450 *******************************************************
--     4000   4999  12186 *****************************************************
--     5000   5999  11618 ***************************************************
--     6000   6999  11275 *************************************************
--     7000   7999  11779 ****************************************************
--     8000   8999  15268 *******************************************************************
--     9000   9999  14544 ****************************************************************
--    10000  10999  11744 ****************************************************
--    11000  11999   9047 ****************************************
--    12000  12999   6738 *****************************
--    13000  13999   5289 ***********************
--    14000  14999   4229 ******************
--    15000  15999   3200 **************
--    16000  16999   2637 ***********
--    17000  17999   1953 ********
--    18000  18999   1510 ******
--    19000  19999   1182 *****
--    20000  20999    878 ***
--    21000  21999    718 ***
--    22000  22999    596 **
--    23000  23999    443 *
--    24000  24999    365 *
--    25000  25999    294 *
--    26000  26999    206 
--    27000  27999    172 
--    28000  28999    141 
--    29000  29999    111 
--    30000  30999     73 
--    31000  31999     67 
--    32000  32999     37 
--    33000  33999     38 
--    34000  34999     17 
--    35000  35999     22 
--    36000  36999     18 
--    37000  37999      9 
--    38000  38999      2 
--    39000  39999      1 
--    40000  40999      0 
--    41000  41999      4 
--    42000  42999      1 
--    43000  43999      2 
--    44000  44999      1 
--    45000  45999      1 
--    46000  46999      0 
--    47000  47999      0 
--    48000  48999      1 
--
-- Running jobs.  First attempt out of 2.
----------------------------------------
-- Starting 'meryl' concurrent execution on Wed Mar 28 08:47:52 2018 with 857.495 GB free disk space (1 processes; 1 concurrently)

    cd correction/0-mercounts
    ./meryl.sh 1 > ./meryl.000001.out 2>&1

-- Finished on Wed Mar 28 08:50:55 2018 (183 seconds) with 854.687 GB free disk space
----------------------------------------
-- Meryl finished successfully.
--
--  16-mers                                                                                           Fraction
--    Occurrences   NumMers                                                                         Unique Total
--       1-     1 466761826 *******************************************************************--> 0.6621 0.3402
--       2-     2 135404578 ********************************************************************** 0.8542 0.5375
--       3-     4  68111562 ***********************************                                    0.9213 0.6410
--       5-     7  20960702 **********                                                             0.9661 0.7409
--       8-    11   6423175 ***                                                                    0.9842 0.8032
--      12-    16   1826544                                                                        0.9905 0.8361
--      17-    22    548375                                                                        0.9924 0.8502
--      23-    29    757525                                                                        0.9931 0.8573
--      30-    37   1660266                                                                        0.9943 0.8744
--      38-    46   1592761                                                                        0.9968 0.9176
--      47-    56    630558                                                                        0.9989 0.9634
--      57-    67    156375                                                                        0.9996 0.9839
--      68-    79     63873                                                                        0.9998 0.9901
--      80-    92     29866                                                                        0.9999 0.9933
--      93-   106     11243                                                                        1.0000 0.9951
--     107-   121      5150                                                                        1.0000 0.9958
--     122-   137      2762                                                                        1.0000 0.9962
--     138-   154      1613                                                                        1.0000 0.9965
--     155-   172      1138                                                                        1.0000 0.9967
--     173-   191      1046                                                                        1.0000 0.9968
--     192-   211      1153                                                                        1.0000 0.9969
--     212-   232      1290                                                                        1.0000 0.9971
--     233-   254      1475                                                                        1.0000 0.9973
--     255-   277      1267                                                                        1.0000 0.9976
--     278-   301       942                                                                        1.0000 0.9978
--     302-   326       592                                                                        1.0000 0.9980
--     327-   352       260                                                                        1.0000 0.9981
--     353-   379       143                                                                        1.0000 0.9982
--     380-   407        90                                                                        1.0000 0.9982
--     408-   436        89                                                                        1.0000 0.9983
--     437-   466        97                                                                        1.0000 0.9983
--     467-   497        95                                                                        1.0000 0.9983
--     498-   529       169                                                                        1.0000 0.9984
--     530-   562       231                                                                        1.0000 0.9984
--     563-   596       305                                                                        1.0000 0.9985
--     597-   631       312                                                                        1.0000 0.9987
--     632-   667       334                                                                        1.0000 0.9988
--     668-   704       254                                                                        1.0000 0.9989
--     705-   742       171                                                                        1.0000 0.9991
--     743-   781       112                                                                        1.0000 0.9992
--     782-   821        68                                                                        1.0000 0.9992
--
--      328134 (max occurrences)
--   905421153 (total mers, non-unique)
--   238198811 (distinct mers, non-unique)
--   466761826 (unique mers)
-- For mhap overlapping, set repeat k-mer threshold to 13721.
--
-- Found 1372182979 16-mers; 704960637 distinct and 466761826 unique.  Largest count 328134.
--
-- OVERLAPPER (mhap) (correction)
--
-- Set corMhapSensitivity=low based on read coverage of 178.
--
-- PARAMETERS: hashes=256, minMatches=3, threshold=0.8
--
-- Given 6 GB, can fit 18000 reads per block.
-- For 11 blocks, set stride to 2 blocks.
-- Logging partitioning to 'correction/1-overlapper/partitioning.log'.
-- Configured 10 mhap precompute jobs.
-- Configured 26 mhap overlap jobs.
--
-- Running jobs.  First attempt out of 2.
----------------------------------------
-- Starting 'cormhap' concurrent execution on Wed Mar 28 08:51:10 2018 with 857.495 GB free disk space (10 processes; 4 concurrently)

    cd correction/1-overlapper
    ./precompute.sh 1 > ./precompute.000001.out 2>&1
    ./precompute.sh 2 > ./precompute.000002.out 2>&1
    ./precompute.sh 3 > ./precompute.000003.out 2>&1
    ./precompute.sh 4 > ./precompute.000004.out 2>&1
    ./precompute.sh 5 > ./precompute.000005.out 2>&1
    ./precompute.sh 6 > ./precompute.000006.out 2>&1
    ./precompute.sh 7 > ./precompute.000007.out 2>&1
    ./precompute.sh 8 > ./precompute.000008.out 2>&1
    ./precompute.sh 9 > ./precompute.000009.out 2>&1
    ./precompute.sh 10 > ./precompute.000010.out 2>&1

-- Finished on Wed Mar 28 09:00:46 2018 (576 seconds) with 854.602 GB free disk space
----------------------------------------
-- All 10 mhap precompute jobs finished successfully.
--
-- Running jobs.  First attempt out of 2.
----------------------------------------
-- Starting 'cormhap' concurrent execution on Wed Mar 28 09:00:46 2018 with 854.602 GB free disk space (26 processes; 4 concurrently)

    cd correction/1-overlapper
    ./mhap.sh 1 > ./mhap.000001.out 2>&1
    ./mhap.sh 2 > ./mhap.000002.out 2>&1
    ./mhap.sh 3 > ./mhap.000003.out 2>&1
    ./mhap.sh 4 > ./mhap.000004.out 2>&1
    ./mhap.sh 5 > ./mhap.000005.out 2>&1
    ./mhap.sh 6 > ./mhap.000006.out 2>&1
    ./mhap.sh 7 > ./mhap.000007.out 2>&1
    ./mhap.sh 8 > ./mhap.000008.out 2>&1
    ./mhap.sh 9 > ./mhap.000009.out 2>&1
    ./mhap.sh 10 > ./mhap.000010.out 2>&1
    ./mhap.sh 11 > ./mhap.000011.out 2>&1
    ./mhap.sh 12 > ./mhap.000012.out 2>&1
    ./mhap.sh 13 > ./mhap.000013.out 2>&1
    ./mhap.sh 14 > ./mhap.000014.out 2>&1
    ./mhap.sh 15 > ./mhap.000015.out 2>&1
    ./mhap.sh 16 > ./mhap.000016.out 2>&1
    ./mhap.sh 17 > ./mhap.000017.out 2>&1
    ./mhap.sh 18 > ./mhap.000018.out 2>&1
    ./mhap.sh 19 > ./mhap.000019.out 2>&1
    ./mhap.sh 20 > ./mhap.000020.out 2>&1
    ./mhap.sh 21 > ./mhap.000021.out 2>&1
    ./mhap.sh 22 > ./mhap.000022.out 2>&1
    ./mhap.sh 23 > ./mhap.000023.out 2>&1
    ./mhap.sh 24 > ./mhap.000024.out 2>&1
    ./mhap.sh 25 > ./mhap.000025.out 2>&1
    ./mhap.sh 26 > ./mhap.000026.out 2>&1

-- Finished on Wed Mar 28 09:02:34 2018 (108 seconds) with 854.422 GB free disk space
----------------------------------------
-- Found 26 mhap overlap output files.
----------------------------------------
-- Starting command on Wed Mar 28 09:02:34 2018 with 854.422 GB free disk space

    cd correction
    /scratch/nolson/canu-1.7/Linux-amd64/bin/ovStoreBuild \
     -O ./canu.ovlStore.BUILDING \
     -G ./canu.gkpStore \
     -M 2-8 \
     -L ./1-overlapper/ovljob.files \
     > ./canu.ovlStore.err 2>&1

-- Finished on Wed Mar 28 09:02:42 2018 (8 seconds) with 854.051 GB free disk space
----------------------------------------
-- Checking store.
----------------------------------------
-- Starting command on Wed Mar 28 09:02:42 2018 with 854.051 GB free disk space

    cd correction
    /scratch/nolson/canu-1.7/Linux-amd64/bin/ovStoreDump \
     -G ./canu.gkpStore \
     -O ./canu.ovlStore \
     -d -counts \
     > ./canu.ovlStore/counts.dat 2> ./canu.ovlStore/counts.err

-- Finished on Wed Mar 28 09:02:42 2018 (lickety-split) with 854.049 GB free disk space
----------------------------------------
--
-- Overlap store 'correction/canu.ovlStore' successfully constructed.
-- Found 19073348 overlaps for 152084 reads; 19172 reads have no overlaps.
--
--
-- Purged 15.426 GB in 107 overlap output files.
-- Set corMinCoverage=4 based on read coverage of 178.
-- Global filter scores will be estimated.
-- Computing correction layouts.
----------------------------------------
-- Starting command on Wed Mar 28 09:02:43 2018 with 857.124 GB free disk space

    cd correction
    /scratch/nolson/canu-1.7/Linux-amd64/bin/generateCorrectionLayouts \
      -G ./canu.gkpStore \
      -O ./canu.ovlStore \
      -C ./canu.corStore.WORKING \
      -ec 4 \
      -eC 80 \
    > ./canu.corStore.err 2>&1
    

-- Finished on Wed Mar 28 09:02:45 2018 (2 seconds) with 856.925 GB free disk space
----------------------------------------
-- Computing correction layouts.
----------------------------------------
-- Starting command on Wed Mar 28 09:02:45 2018 with 856.925 GB free disk space

    cd correction/2-correction
    /scratch/nolson/canu-1.7/Linux-amd64/bin/filterCorrectionLayouts \
      -G  ../canu.gkpStore \
      -C  ../canu.corStore \
      -R  ./canu.readsToCorrect.WORKING \
      -cc 4 \
      -cl 1000 \
      -g  7714010 \
      -c  40 \
    > ./canu.readsToCorrect.err 2>&1
    

-- Finished on Wed Mar 28 09:02:46 2018 (1 second) with 856.913 GB free disk space
----------------------------------------
--                             original      original
--                            raw reads     raw reads
--   category                w/overlaps  w/o/overlaps
--   -------------------- ------------- -------------
--   Number of Reads             129886         41370
--   Number of Bases         1070671561     153110552
--   Coverage                   138.796        19.848
--   Median                        8071          1579
--   Mean                          8243          3701
--   N50                          10311          9376
--   Minimum                       1000             0
--   Maximum                      45810         48225
--   
--                                        --------corrected---------  ----------rescued----------
--                             evidence                     expected                     expected
--   category                     reads            raw     corrected            raw     corrected
--   -------------------- -------------  ------------- -------------  ------------- -------------
--   Number of Reads             128897          21365         21365           2081          2081
--   Number of Bases         1099376043      320941221     308560882        4917790       4066299
--   Coverage                   142.517         41.605        40.000          0.638         0.527
--   Median                        8298          13881         13421           1993          1974
--   Mean                          8529          15021         14442           2363          1954
--   N50                          10346          14692         14044           2008          1983
--   Minimum                       1000          11092         11090           1004          1001
--   Maximum                      48225          41104         37494          28918         10513
--   
--                        --------uncorrected--------
--                                           expected
--   category                       raw     corrected
--   -------------------- ------------- -------------
--   Number of Reads             147810        147810
--   Number of Bases          897923102     462369415
--   Coverage                   116.402        59.939
--   Median                        5859           603
--   Mean                          6074          3128
--   N50                           8952          8449
--   Minimum                          0             0
--   Maximum                      48225         11090
--   
--   Maximum Memory           957155600
--
--                            (tag)Concurrency
--                     (tag)Threads          |
--            (tag)Memory         |          |
--        (tag)         |         |          |     total usage     algorithm
--        -------  ------  --------   --------  -----------------  -----------------------------
-- Local: cor        4 GB    4 CPUs x  10 jobs    40 GB   40 CPUs  (read correction)
--
-- Using overlaps no worse than 0.3 fraction error for correcting reads (from corErrorRate parameter).
--
-- Running jobs.  First attempt out of 2.
----------------------------------------
-- Starting 'cor' concurrent execution on Wed Mar 28 09:02:46 2018 with 856.913 GB free disk space (35 processes; 10 concurrently)

    cd correction/2-correction
    ./correctReads.sh 1 > ./correctReads.000001.out 2>&1
    ./correctReads.sh 2 > ./correctReads.000002.out 2>&1
    ./correctReads.sh 3 > ./correctReads.000003.out 2>&1
    ./correctReads.sh 4 > ./correctReads.000004.out 2>&1
    ./correctReads.sh 5 > ./correctReads.000005.out 2>&1
    ./correctReads.sh 6 > ./correctReads.000006.out 2>&1
    ./correctReads.sh 7 > ./correctReads.000007.out 2>&1
    ./correctReads.sh 8 > ./correctReads.000008.out 2>&1
    ./correctReads.sh 9 > ./correctReads.000009.out 2>&1
    ./correctReads.sh 10 > ./correctReads.000010.out 2>&1
    ./correctReads.sh 11 > ./correctReads.000011.out 2>&1
    ./correctReads.sh 12 > ./correctReads.000012.out 2>&1
    ./correctReads.sh 13 > ./correctReads.000013.out 2>&1
    ./correctReads.sh 14 > ./correctReads.000014.out 2>&1
    ./correctReads.sh 15 > ./correctReads.000015.out 2>&1
    ./correctReads.sh 16 > ./correctReads.000016.out 2>&1
    ./correctReads.sh 17 > ./correctReads.000017.out 2>&1
    ./correctReads.sh 18 > ./correctReads.000018.out 2>&1
    ./correctReads.sh 19 > ./correctReads.000019.out 2>&1
    ./correctReads.sh 20 > ./correctReads.000020.out 2>&1
    ./correctReads.sh 21 > ./correctReads.000021.out 2>&1
    ./correctReads.sh 22 > ./correctReads.000022.out 2>&1
    ./correctReads.sh 23 > ./correctReads.000023.out 2>&1
    ./correctReads.sh 24 > ./correctReads.000024.out 2>&1
    ./correctReads.sh 25 > ./correctReads.000025.out 2>&1
    ./correctReads.sh 26 > ./correctReads.000026.out 2>&1
    ./correctReads.sh 27 > ./correctReads.000027.out 2>&1
    ./correctReads.sh 28 > ./correctReads.000028.out 2>&1
    ./correctReads.sh 29 > ./correctReads.000029.out 2>&1
    ./correctReads.sh 30 > ./correctReads.000030.out 2>&1
    ./correctReads.sh 31 > ./correctReads.000031.out 2>&1
    ./correctReads.sh 32 > ./correctReads.000032.out 2>&1
    ./correctReads.sh 33 > ./correctReads.000033.out 2>&1
    ./correctReads.sh 34 > ./correctReads.000034.out 2>&1
    ./correctReads.sh 35 > ./correctReads.000035.out 2>&1

-- Finished on Wed Mar 28 09:21:57 2018 (1151 seconds) with 855.825 GB free disk space
----------------------------------------
-- Found 35 read correction output files.
-- Found 35 read correction output files.
--
-- Loading corrected reads into corStore and gkpStore.
----------------------------------------
-- Starting command on Wed Mar 28 09:21:57 2018 with 855.825 GB free disk space

    cd correction
    /scratch/nolson/canu-1.7/Linux-amd64/bin/loadCorrectedReads \
      -G ./canu.gkpStore \
      -C ./canu.corStore \
      -L ./2-correction/corjob.files \
    > ./2-correction/corjob.files.load.err 2>&1
    

-- Finished on Wed Mar 28 09:22:02 2018 (5 seconds) with 855.098 GB free disk space
----------------------------------------
--
-- In gatekeeper store './canu.gkpStore':
--   Found 23263 reads.
--   Found 297643644 bases (38.58 times coverage).
--
--   Read length histogram (one '*' equals 69.42 reads):
--        0    999     84 *
--     1000   1999   1881 ***************************
--     2000   2999     36 
--     3000   3999     22 
--     4000   4999     40 
--     5000   5999     30 
--     6000   6999     59 
--     7000   7999     84 *
--     8000   8999    138 *
--     9000   9999    273 ***
--    10000  10999   1728 ************************
--    11000  11999   4860 **********************************************************************
--    12000  12999   3572 ***************************************************
--    13000  13999   2770 ***************************************
--    14000  14999   1968 ****************************
--    15000  15999   1579 **********************
--    16000  16999   1137 ****************
--    17000  17999    789 ***********
--    18000  18999    591 ********
--    19000  19999    390 *****
--    20000  20999    297 ****
--    21000  21999    254 ***
--    22000  22999    183 **
--    23000  23999    117 *
--    24000  24999    100 *
--    25000  25999     72 *
--    26000  26999     61 
--    27000  27999     39 
--    28000  28999     34 
--    29000  29999     23 
--    30000  30999     18 
--    31000  31999     14 
--    32000  32999      6 
--    33000  33999      5 
--    34000  34999      4 
--    35000  35999      1 
--    36000  36999      3 
--    37000  37999      1 
--
-- Purging correctReads output after loading into stores.
-- Purged 35 .cns outputs.
-- Purged 70 .out job log outputs.
--
-- Purging overlaps used for correction.
----------------------------------------
-- Starting command on Wed Mar 28 09:22:03 2018 with 856.557 GB free disk space

    cd .
    /scratch/nolson/canu-1.7/Linux-amd64/bin/gatekeeperDumpFASTQ \
      -corrected \
      -G ./canu.gkpStore \
      -o ./canu.correctedReads.gz \
      -fasta \
      -nolibname \
    > canu.correctedReads.fasta.err 2>&1

-- Finished on Wed Mar 28 09:22:08 2018 (5 seconds) with 856.465 GB free disk space
----------------------------------------
--
-- Corrected reads saved in 'canu.correctedReads.fasta.gz'.
--
--
-- BEGIN TRIMMING
--
--
-- Running jobs.  First attempt out of 2.
----------------------------------------
-- Starting 'meryl' concurrent execution on Wed Mar 28 09:22:08 2018 with 856.465 GB free disk space (1 processes; 1 concurrently)

    cd trimming/0-mercounts
    ./meryl.sh 1 > ./meryl.000001.out 2>&1

-- Finished on Wed Mar 28 09:22:28 2018 (20 seconds) with 856.373 GB free disk space
----------------------------------------
-- Meryl finished successfully.
--
--  22-mers                                                                                           Fraction
--    Occurrences   NumMers                                                                         Unique Total
--       1-     1   9601581 *******************************************************************--> 0.6058 0.0323
--       2-     2    784030 *******************************                                        0.6553 0.0376
--       3-     4    361087 **************                                                         0.6708 0.0401
--       5-     7    129628 *****                                                                  0.6820 0.0427
--       8-    11     53055 **                                                                     0.6874 0.0446
--      12-    16     22615                                                                        0.6900 0.0460
--      17-    22     12019                                                                        0.6911 0.0469
--      23-    29     17892                                                                        0.6919 0.0477
--      30-    37     93260 ***                                                                    0.6932 0.0496
--      38-    46    710007 ****************************                                           0.7009 0.0644
--      47-    56   1733417 ********************************************************************** 0.7522 0.1845
--      57-    67   1666521 *******************************************************************    0.8648 0.5012
--      68-    79    485300 *******************                                                    0.9637 0.8299
--      80-    92     62429 **                                                                     0.9891 0.9279
--      93-   106     72129 **                                                                     0.9929 0.9454
--     107-   121     26976 *                                                                      0.9974 0.9693
--     122-   137      4123                                                                        0.9989 0.9785
--     138-   154       628                                                                        0.9991 0.9800
--     155-   172      2348                                                                        0.9992 0.9803
--     173-   191       709                                                                        0.9993 0.9817
--     192-   211       689                                                                        0.9994 0.9821
--     212-   232       581                                                                        0.9994 0.9825
--     233-   254       354                                                                        0.9995 0.9830
--     255-   277       291                                                                        0.9995 0.9833
--     278-   301       394                                                                        0.9995 0.9835
--     302-   326       745                                                                        0.9995 0.9839
--     327-   352       322                                                                        0.9996 0.9847
--     353-   379       492                                                                        0.9996 0.9851
--     380-   407      1592                                                                        0.9996 0.9857
--     408-   436      1303                                                                        0.9997 0.9879
--     437-   466      1096                                                                        0.9998 0.9898
--     467-   497        39                                                                        0.9999 0.9913
--     498-   529        32                                                                        0.9999 0.9913
--     530-   562        18                                                                        0.9999 0.9914
--     563-   596        16                                                                        0.9999 0.9914
--     597-   631         4                                                                        0.9999 0.9915
--     632-   667         2                                                                        0.9999 0.9915
--     668-   704         9                                                                        0.9999 0.9915
--     705-   742         7                                                                        0.9999 0.9915
--     743-   781        27                                                                        0.9999 0.9915
--     782-   821        20                                                                        0.9999 0.9916
--
--        6963 (max occurrences)
--   287553540 (total mers, non-unique)
--     6248104 (distinct mers, non-unique)
--     9601581 (unique mers)
----------------------------------------
-- Starting command on Wed Mar 28 09:22:28 2018 with 856.373 GB free disk space

    cd trimming/0-mercounts
    /scratch/nolson/canu-1.7/Linux-amd64/bin/meryl \
      -Dt \
      -n 1627 \
      -s ./canu.ms22 \
    > ./canu.ms22.frequentMers.fasta \
    2> ./canu.ms22.frequentMers.fasta.err

-- Finished on Wed Mar 28 09:22:29 2018 (1 second) with 856.373 GB free disk space
----------------------------------------
-- Reset obtOvlMerThreshold from auto to 1627.
--
-- Found 297155121 22-mers; 15849685 distinct and 9601581 unique.  Largest count 6963.
--
-- OVERLAPPER (normal) (trimming) erate=0.045
--
----------------------------------------
-- Starting command on Wed Mar 28 09:22:29 2018 with 856.465 GB free disk space

    cd trimming/1-overlapper
    /scratch/nolson/canu-1.7/Linux-amd64/bin/overlapInCorePartition \
     -G  ../canu.gkpStore \
     -hl 85312000 \
     -rl 1000000000 \
     -ol 500 \
     -o  ./canu.partition \
    > ./canu.partition.err 2>&1

-- Finished on Wed Mar 28 09:22:29 2018 (lickety-split) with 856.465 GB free disk space
----------------------------------------
--
-- Configured 4 overlapInCore jobs.
--
-- Running jobs.  First attempt out of 2.
----------------------------------------
-- Starting 'obtovl' concurrent execution on Wed Mar 28 09:22:29 2018 with 856.465 GB free disk space (4 processes; 5 concurrently)

    cd trimming/1-overlapper
    ./overlap.sh 1 > ./overlap.000001.out 2>&1
    ./overlap.sh 2 > ./overlap.000002.out 2>&1
    ./overlap.sh 3 > ./overlap.000003.out 2>&1
    ./overlap.sh 4 > ./overlap.000004.out 2>&1

-- Finished on Wed Mar 28 09:25:31 2018 (182 seconds) with 856.414 GB free disk space
----------------------------------------
-- Found 4 overlapInCore output files.
--
-- overlapInCore compute 'trimming/1-overlapper':
--   kmer hits
--     with no overlap          3170848      792712 +- 412633.154
--     with an overlap          2806115   701528.75 +- 372296.261
--
--   overlaps                   2805650    701412.5 +- 372230.284
--     contained                      0           0 +- 0
--     dovetail                       0           0 +- 0
--
--   overlaps rejected
--     multiple per pair              0           0 +- 0
--     bad short window               0           0 +- 0
--     bad long window                0           0 +- 0
----------------------------------------
-- Starting command on Wed Mar 28 09:25:31 2018 with 856.414 GB free disk space

    cd trimming
    /scratch/nolson/canu-1.7/Linux-amd64/bin/ovStoreBuild \
     -O ./canu.ovlStore.BUILDING \
     -G ./canu.gkpStore \
     -M 2-8 \
     -L ./1-overlapper/ovljob.files \
     > ./canu.ovlStore.err 2>&1

-- Finished on Wed Mar 28 09:25:33 2018 (2 seconds) with 856.295 GB free disk space
----------------------------------------
-- Checking store.
----------------------------------------
-- Starting command on Wed Mar 28 09:25:33 2018 with 856.295 GB free disk space

    cd trimming
    /scratch/nolson/canu-1.7/Linux-amd64/bin/ovStoreDump \
     -G ./canu.gkpStore \
     -O ./canu.ovlStore \
     -d -counts \
     > ./canu.ovlStore/counts.dat 2> ./canu.ovlStore/counts.err

-- Finished on Wed Mar 28 09:25:33 2018 (lickety-split) with 856.294 GB free disk space
----------------------------------------
--
-- Overlap store 'trimming/canu.ovlStore' successfully constructed.
-- Found 5612230 overlaps for 23198 reads; 148058 reads have no overlaps.
--
--
-- Purged 0.05 GB in 12 overlap output files.
----------------------------------------
-- Starting command on Wed Mar 28 09:25:34 2018 with 856.346 GB free disk space

    cd trimming/3-overlapbasedtrimming
    /scratch/nolson/canu-1.7/Linux-amd64/bin/trimReads \
      -G  ../canu.gkpStore \
      -O  ../canu.ovlStore \
      -Co ./canu.1.trimReads.clear \
      -e  0.045 \
      -minlength 1000 \
      -ol 1 \
      -oc 1 \
      -o  ./canu.1.trimReads \
    >     ./canu.1.trimReads.err 2>&1

-- Finished on Wed Mar 28 09:25:38 2018 (4 seconds) with 856.339 GB free disk space
----------------------------------------
--  PARAMETERS:
--  ----------
--     1000    (reads trimmed below this many bases are deleted)
--   0.0450    (use overlaps at or below this fraction error)
--        1    (break region if overlap is less than this long, for 'largest covered' algorithm)
--        1    (break region if overlap coverage is less than this many read, for 'largest covered' algorithm)
--  
--  INPUT READS:
--  -----------
--  171256 reads    297643644 bases (reads processed)
--       0 reads            0 bases (reads not processed, previously deleted)
--       0 reads            0 bases (reads not processed, in a library where trimming isn't allowed)
--  
--  OUTPUT READS:
--  ------------
--   19730 reads    261464195 bases (trimmed reads output)
--    3369 reads     32735679 bases (reads with no change, kept as is)
--  148058 reads        68832 bases (reads with no overlaps, deleted)
--      99 reads       109438 bases (reads with short trimmed length, deleted)
--  
--  TRIMMING DETAILS:
--  ----------------
--   12224 reads      1989364 bases (bases trimmed from the 5' end of a read)
--   16688 reads      1276136 bases (bases trimmed from the 3' end of a read)
----------------------------------------
-- Starting command on Wed Mar 28 09:25:38 2018 with 856.339 GB free disk space

    cd trimming/3-overlapbasedtrimming
    /scratch/nolson/canu-1.7/Linux-amd64/bin/splitReads \
      -G  ../canu.gkpStore \
      -O  ../canu.ovlStore \
      -Ci ./canu.1.trimReads.clear \
      -Co ./canu.2.splitReads.clear \
      -e  0.045 \
      -minlength 1000 \
      -o  ./canu.2.splitReads \
    >     ./canu.2.splitReads.err 2>&1

-- Finished on Wed Mar 28 09:25:39 2018 (1 second) with 856.338 GB free disk space
----------------------------------------
--  PARAMETERS:
--  ----------
--     1000    (reads trimmed below this many bases are deleted)
--   0.0450    (use overlaps at or below this fraction error)
--  INPUT READS:
--  -----------
--   23099 reads    297465374 bases (reads processed)
--  148157 reads       178270 bases (reads not processed, previously deleted)
--       0 reads            0 bases (reads not processed, in a library where trimming isn't allowed)
--  
--  PROCESSED:
--  --------
--       0 reads            0 bases (no overlaps)
--       1 reads         3301 bases (no coverage after adjusting for trimming done already)
--       0 reads            0 bases (processed for chimera)
--       0 reads            0 bases (processed for spur)
--   23098 reads    297462073 bases (processed for subreads)
--  
--  READS WITH SIGNALS:
--  ------------------
--       0 reads            0 signals (number of 5' spur signal)
--       0 reads            0 signals (number of 3' spur signal)
--       0 reads            0 signals (number of chimera signal)
--      21 reads           21 signals (number of subread signal)
--  
--  SIGNALS:
--  -------
--       0 reads            0 bases (size of 5' spur signal)
--       0 reads            0 bases (size of 3' spur signal)
--       0 reads            0 bases (size of chimera signal)
--      21 reads         6781 bases (size of subread signal)
--  
--  TRIMMING:
--  --------
--      13 reads       100638 bases (trimmed from the 5' end of the read)
--       8 reads        68899 bases (trimmed from the 3' end of the read)
----------------------------------------
-- Starting command on Wed Mar 28 09:25:39 2018 with 856.338 GB free disk space

    cd trimming/3-overlapbasedtrimming
    /scratch/nolson/canu-1.7/Linux-amd64/bin/loadTrimmedReads \
      -G ../canu.gkpStore \
      -c ./canu.2.splitReads.clear \
    > ./canu.loadtrimmedReads.err 2>&1

-- Finished on Wed Mar 28 09:25:39 2018 (lickety-split) with 856.338 GB free disk space
----------------------------------------
--
-- In gatekeeper store './canu.gkpStore':
--   Found 23099 reads.
--   Found 294030337 bases (38.11 times coverage).
--
--   Read length histogram (one '*' equals 68.94 reads):
--        0    999      0 
--     1000   1999   1807 **************************
--     2000   2999     33 
--     3000   3999     25 
--     4000   4999     43 
--     5000   5999     44 
--     6000   6999    116 *
--     7000   7999    150 **
--     8000   8999    222 ***
--     9000   9999    379 *****
--    10000  10999   1839 **************************
--    11000  11999   4826 **********************************************************************
--    12000  12999   3485 **************************************************
--    13000  13999   2721 ***************************************
--    14000  14999   1927 ***************************
--    15000  15999   1521 **********************
--    16000  16999   1088 ***************
--    17000  17999    774 ***********
--    18000  18999    578 ********
--    19000  19999    364 *****
--    20000  20999    277 ****
--    21000  21999    240 ***
--    22000  22999    172 **
--    23000  23999    116 *
--    24000  24999     87 *
--    25000  25999     74 *
--    26000  26999     54 
--    27000  27999     39 
--    28000  28999     29 
--    29000  29999     20 
--    30000  30999     19 
--    31000  31999     11 
--    32000  32999      7 
--    33000  33999      5 
--    34000  34999      2 
--    35000  35999      1 
--    36000  36999      3 
--    37000  37999      1 
--
-- Overlaps used for trimming saved.
----------------------------------------
-- Starting command on Wed Mar 28 09:25:40 2018 with 856.338 GB free disk space

    cd .
    /scratch/nolson/canu-1.7/Linux-amd64/bin/gatekeeperDumpFASTQ \
      -trimmed \
      -G ./canu.gkpStore \
      -o ./canu.trimmedReads.gz \
      -fasta \
      -nolibname \
    > ./canu.trimmedReads.fasta.err 2>&1

-- Finished on Wed Mar 28 09:25:45 2018 (5 seconds) with 856.247 GB free disk space
----------------------------------------
--
-- Trimmed reads saved in 'canu.trimmedReads.fasta.gz'.
--
--
-- BEGIN ASSEMBLY
--
--
-- Running jobs.  First attempt out of 2.
----------------------------------------
-- Starting 'meryl' concurrent execution on Wed Mar 28 09:25:45 2018 with 856.247 GB free disk space (1 processes; 1 concurrently)

    cd unitigging/0-mercounts
    ./meryl.sh 1 > ./meryl.000001.out 2>&1

-- Finished on Wed Mar 28 09:26:04 2018 (19 seconds) with 856.165 GB free disk space
----------------------------------------
-- Meryl finished successfully.
--
--  22-mers                                                                                           Fraction
--    Occurrences   NumMers                                                                         Unique Total
--       1-     1   7826588 *******************************************************************--> 0.5584 0.0267
--       2-     2    747216 *****************************                                          0.6117 0.0318
--       3-     4    347379 *************                                                          0.6286 0.0342
--       5-     7    125326 ****                                                                   0.6407 0.0367
--       8-    11     51562 **                                                                     0.6468 0.0386
--      12-    16     22099                                                                        0.6495 0.0400
--      17-    22     11758                                                                        0.6508 0.0409
--      23-    29     18413                                                                        0.6516 0.0417
--      30-    37     99873 ***                                                                    0.6532 0.0437
--      38-    46    736628 *****************************                                          0.6625 0.0597
--      47-    56   1759655 ********************************************************************** 0.7226 0.1855
--      57-    67   1643645 *****************************************************************      0.8515 0.5100
--      68-    79    451845 *****************                                                      0.9614 0.8372
--      80-    92     59269 **                                                                     0.9880 0.9287
--      93-   106     72320 **                                                                     0.9921 0.9455
--     107-   121     26145 *                                                                      0.9972 0.9698
--     122-   137      3623                                                                        0.9988 0.9787
--     138-   154       591                                                                        0.9990 0.9801
--     155-   172      2523                                                                        0.9991 0.9804
--     173-   191       554                                                                        0.9993 0.9818
--     192-   211       635                                                                        0.9993 0.9821
--     212-   232       586                                                                        0.9993 0.9825
--     233-   254       356                                                                        0.9994 0.9830
--     255-   277       310                                                                        0.9994 0.9833
--     278-   301       405                                                                        0.9994 0.9836
--     302-   326       717                                                                        0.9995 0.9840
--     327-   352       321                                                                        0.9995 0.9847
--     353-   379       492                                                                        0.9995 0.9851
--     380-   407      1646                                                                        0.9996 0.9857
--     408-   436      1331                                                                        0.9997 0.9881
--     437-   466      1000                                                                        0.9998 0.9899
--     467-   497        27                                                                        0.9999 0.9914
--     498-   529        38                                                                        0.9999 0.9914
--     530-   562        13                                                                        0.9999 0.9915
--     563-   596        13                                                                        0.9999 0.9915
--     597-   631         5                                                                        0.9999 0.9915
--     632-   667         2                                                                        0.9999 0.9915
--     668-   704         8                                                                        0.9999 0.9915
--     705-   742         7                                                                        0.9999 0.9916
--     743-   781        37                                                                        0.9999 0.9916
--     782-   821        11                                                                        0.9999 0.9917
--
--        2388 (max occurrences)
--   285718670 (total mers, non-unique)
--     6190281 (distinct mers, non-unique)
--     7826588 (unique mers)
----------------------------------------
-- Starting command on Wed Mar 28 09:26:05 2018 with 856.165 GB free disk space

    cd unitigging/0-mercounts
    /scratch/nolson/canu-1.7/Linux-amd64/bin/meryl \
      -Dt \
      -n 1573 \
      -s ./canu.ms22 \
    > ./canu.ms22.frequentMers.fasta \
    2> ./canu.ms22.frequentMers.fasta.err

-- Finished on Wed Mar 28 09:26:05 2018 (lickety-split) with 856.165 GB free disk space
----------------------------------------
-- Reset utgOvlMerThreshold from auto to 1573.
--
-- Found 293545258 22-mers; 14016869 distinct and 7826588 unique.  Largest count 2388.
--
-- OVERLAPPER (normal) (assembly) erate=0.045
--
----------------------------------------
-- Starting command on Wed Mar 28 09:26:05 2018 with 856.247 GB free disk space

    cd unitigging/1-overlapper
    /scratch/nolson/canu-1.7/Linux-amd64/bin/overlapInCorePartition \
     -G  ../canu.gkpStore \
     -hl 85312000 \
     -rl 1000000000 \
     -ol 500 \
     -o  ./canu.partition \
    > ./canu.partition.err 2>&1

-- Finished on Wed Mar 28 09:26:05 2018 (lickety-split) with 856.247 GB free disk space
----------------------------------------
--
-- Configured 4 overlapInCore jobs.
--
-- Running jobs.  First attempt out of 2.
----------------------------------------
-- Starting 'utgovl' concurrent execution on Wed Mar 28 09:26:05 2018 with 856.247 GB free disk space (4 processes; 5 concurrently)

    cd unitigging/1-overlapper
    ./overlap.sh 1 > ./overlap.000001.out 2>&1
    ./overlap.sh 2 > ./overlap.000002.out 2>&1
    ./overlap.sh 3 > ./overlap.000003.out 2>&1
    ./overlap.sh 4 > ./overlap.000004.out 2>&1

-- Finished on Wed Mar 28 09:29:31 2018 (206 seconds) with 856.207 GB free disk space
----------------------------------------
-- Found 4 overlapInCore output files.
--
-- overlapInCore compute 'unitigging/1-overlapper':
--   kmer hits
--     with no overlap          3303122    825780.5 +- 439852.455
--     with an overlap          2435995   608998.75 +- 316055.257
--
--   overlaps                   2435995   608998.75 +- 316055.257
--     contained                1047711   261927.75 +- 128078.405
--     dovetail                 1388284      347071 +- 193303.208
--
--   overlaps rejected
--     multiple per pair              0           0 +- 0
--     bad short window               0           0 +- 0
--     bad long window                0           0 +- 0
----------------------------------------
-- Starting command on Wed Mar 28 09:29:31 2018 with 856.207 GB free disk space

    cd unitigging
    /scratch/nolson/canu-1.7/Linux-amd64/bin/ovStoreBuild \
     -O ./canu.ovlStore.BUILDING \
     -G ./canu.gkpStore \
     -M 2-8 \
     -L ./1-overlapper/ovljob.files \
     > ./canu.ovlStore.err 2>&1

-- Finished on Wed Mar 28 09:29:34 2018 (3 seconds) with 856.102 GB free disk space
----------------------------------------
-- Checking store.
----------------------------------------
-- Starting command on Wed Mar 28 09:29:34 2018 with 856.102 GB free disk space

    cd unitigging
    /scratch/nolson/canu-1.7/Linux-amd64/bin/ovStoreDump \
     -G ./canu.gkpStore \
     -O ./canu.ovlStore \
     -d -counts \
     > ./canu.ovlStore/counts.dat 2> ./canu.ovlStore/counts.err

-- Finished on Wed Mar 28 09:29:34 2018 (lickety-split) with 856.1 GB free disk space
----------------------------------------
--
-- Overlap store 'unitigging/canu.ovlStore' successfully constructed.
-- Found 4871990 overlaps for 23091 reads; 148165 reads have no overlaps.
--
--
-- Purged 0.039 GB in 12 overlap output files.
----------------------------------------
-- Starting command on Wed Mar 28 09:29:34 2018 with 856.141 GB free disk space

    cd unitigging
    /scratch/nolson/canu-1.7/Linux-amd64/bin/ovStoreStats \
     -G ./canu.gkpStore \
     -O ./canu.ovlStore \
     -C 38 \
     -o ./canu.ovlStore \
     > ./canu.ovlStore.summary.err 2>&1

-- Finished on Wed Mar 28 09:29:35 2018 (1 second) with 856.141 GB free disk space
----------------------------------------
--
-- Overlap store 'unitigging/canu.ovlStore' contains:
--
--   category            reads     %          read length        feature size or coverage  analysis
--   ----------------  -------  -------  ----------------------  ------------------------  --------------------
--   middle-missing          1    0.00    11550.00 +- 0.00          1420.00 +- 0.00       (bad trimming)
--   middle-hump             0    0.00        0.00 +- 0.00             0.00 +- 0.00       (bad trimming)
--   no-5-prime              1    0.00     1199.00 +- 0.00           360.00 +- 0.00       (bad trimming)
--   no-3-prime              0    0.00        0.00 +- 0.00             0.00 +- 0.00       (bad trimming)
--   
--   low-coverage            5    0.02     1533.60 +- 312.88           5.19 +- 2.06       (easy to assemble, potential for lower quality consensus)
--   unique               6647   28.78    12837.71 +- 3413.29         50.23 +- 5.98       (easy to assemble, perfect, yay)
--   repeat-cont          2828   12.24     6578.41 +- 5867.48        314.70 +- 511.96     (potential for consensus errors, no impact on assembly)
--   repeat-dove            21    0.09    25065.52 +- 4142.79        102.21 +- 7.93       (hard to assemble, likely won't assemble correctly or even at all)
--   
--   span-repeat          6502   28.15    14130.40 +- 3769.88       5598.66 +- 4596.96    (read spans a large repeat, usually easy to assemble)
--   uniq-repeat-cont     5976   25.87    13208.52 +- 2698.32                             (should be uniquely placed, low potential for consensus errors, no impact on assembly)
--   uniq-repeat-dove      452    1.96    21077.19 +- 3939.29                             (will end contigs, potential to misassemble)
--   uniq-anchor           658    2.85    13980.74 +- 3460.91       4601.64 +- 4239.14    (repeat read, with unique section, probable bad read)
--
-- Loading read lengths.
-- Loading number of overlaps per read.
--
-- Configure RED for 4gb memory.
--                   Batches of at most (unlimited) reads.
--                                      500000000 bases.
--                   Expecting evidence of at most 174352257 bases per iteration.
--
--           Total                                               Reads                 Olaps Evidence
--    Job   Memory      Read Range         Reads        Bases   Memory        Olaps   Memory   Memory  (Memory in MB)
--   ---- -------- ------------------- --------- ------------ -------- ------------ -------- --------
--      1  4096.11         1-83284         11668    147325495  1686.37      2550049    29.18   332.55
--      2  4086.39     83285-171256        11431    146704842  1679.26      2321941    26.57   332.55
--   ---- -------- ------------------- --------- ------------ -------- ------------ -------- --------
--                                                  294030337               4871990
--
-- Running jobs.  First attempt out of 2.
----------------------------------------
-- Starting 'red' concurrent execution on Wed Mar 28 09:29:36 2018 with 856.141 GB free disk space (2 processes; 10 concurrently)

    cd unitigging/3-overlapErrorAdjustment
    ./red.sh 1 > ./red.000001.out 2>&1
    ./red.sh 2 > ./red.000002.out 2>&1

-- Finished on Wed Mar 28 09:30:07 2018 (31 seconds) with 856.138 GB free disk space
----------------------------------------
-- Found 2 read error detection output files.
--
-- Loading read lengths.
-- Loading number of overlaps per read.
--
-- Configure OEA for 4gb memory.
--                   Batches of at most (unlimited) reads.
--                                      300000000 bases.
--
--           Total                                               Reads                 Olaps  Adjusts
--    Job   Memory      Read Range         Reads        Bases   Memory        Olaps   Memory   Memory  (Memory in MB)
--   ---- -------- ------------------- --------- ------------ -------- ------------ -------- --------
--      1  2813.19         1-171256        23099    294030337   289.11      4871990   148.68   327.39
--   ---- -------- ------------------- --------- ------------ -------- ------------ -------- --------
--                                                  294030337               4871990
--
-- Running jobs.  First attempt out of 2.
----------------------------------------
-- Starting 'oea' concurrent execution on Wed Mar 28 09:30:09 2018 with 856.138 GB free disk space (1 processes; 31 concurrently)

    cd unitigging/3-overlapErrorAdjustment
    ./oea.sh 1 > ./oea.000001.out 2>&1

-- Finished on Wed Mar 28 09:31:50 2018 (101 seconds) with 856.129 GB free disk space
----------------------------------------
-- Found 1 overlap error adjustment output files.
----------------------------------------
-- Starting command on Wed Mar 28 09:31:50 2018 with 856.129 GB free disk space

    cd unitigging/3-overlapErrorAdjustment
    /scratch/nolson/canu-1.7/Linux-amd64/bin/ovStoreBuild \
      -G ../canu.gkpStore \
      -O ../canu.ovlStore \
      -evalues \
      -L ./oea.files \
    > ./oea.apply.err 2>&1

-- Finished on Wed Mar 28 09:31:50 2018 (lickety-split) with 856.12 GB free disk space
----------------------------------------
-- No report available.
--
-- Running jobs.  First attempt out of 2.
----------------------------------------
-- Starting 'bat' concurrent execution on Wed Mar 28 09:31:50 2018 with 856.12 GB free disk space (1 processes; 1 concurrently)

    cd unitigging/4-unitigger
    ./unitigger.sh 1 > ./unitigger.000001.out 2>&1

-- Finished on Wed Mar 28 09:31:55 2018 (5 seconds) with 856.105 GB free disk space
----------------------------------------
-- Unitigger finished successfully.
-- Found, in version 1, after unitig construction:
--   contigs:      2 sequences, total length 4992315 bp (including 0 repeats of total length 0 bp).
--   bubbles:      0 sequences, total length 0 bp.
--   unassembled:  2618 sequences, total length 13717096 bp.
--
-- Contig sizes based on genome size --
--            NG (bp)  LG (contigs)    sum (bp)
--         ----------  ------------  ----------
--     10     4875518             1     4875518
--     20     4875518             1     4875518
--     30     4875518             1     4875518
--     40     4875518             1     4875518
--     50     4875518             1     4875518
--     60     4875518             1     4875518
--
----------------------------------------
-- Starting command on Wed Mar 28 09:31:55 2018 with 856.105 GB free disk space

    cd unitigging
    /scratch/nolson/canu-1.7/Linux-amd64/bin/gatekeeperPartition \
      -G ./canu.gkpStore \
      -T ./canu.ctgStore 1 \
      -b 15000 \
      -p 8 \
    > ./canu.ctgStore/partitionedReads.log 2>&1

-- Finished on Wed Mar 28 09:31:55 2018 (lickety-split) with 855.377 GB free disk space
----------------------------------------
----------------------------------------
-- Starting command on Wed Mar 28 09:31:55 2018 with 855.377 GB free disk space

    cd unitigging
    /scratch/nolson/canu-1.7/Linux-amd64/bin/gatekeeperPartition \
      -G ./canu.gkpStore \
      -T ./canu.utgStore 1 \
      -b 15000 \
      -p 8 \
    > ./canu.utgStore/partitionedReads.log 2>&1

-- Finished on Wed Mar 28 09:31:56 2018 (1 second) with 854.687 GB free disk space
----------------------------------------
-- Using slow alignment for consensus (iteration '0').
-- Configured 2 contig and 1 unitig consensus jobs.
--
--                            (tag)Concurrency
--                     (tag)Threads          |
--            (tag)Memory         |          |
--        (tag)         |         |          |     total usage     algorithm
--        -------  ------  --------   --------  -----------------  -----------------------------
-- Local: cns        6 GB    4 CPUs x  10 jobs    60 GB   40 CPUs  (consensus)
--
--
-- Running jobs.  First attempt out of 2.
----------------------------------------
-- Starting 'cns' concurrent execution on Wed Mar 28 09:31:56 2018 with 854.687 GB free disk space (3 processes; 10 concurrently)

    cd unitigging/5-consensus
    ./consensus.sh 1 > ./consensus.000001.out 2>&1
    ./consensus.sh 2 > ./consensus.000002.out 2>&1
    ./consensus.sh 3 > ./consensus.000003.out 2>&1

-- Finished on Wed Mar 28 09:37:16 2018 (320 seconds) with 854.641 GB free disk space
----------------------------------------
-- Using slow alignment for consensus (iteration '1').
-- Configured 2 contig and 1 unitig consensus jobs.
-- All 3 consensus jobs finished successfully.
-- Using slow alignment for consensus (iteration '0').
-- Configured 2 contig and 1 unitig consensus jobs.
----------------------------------------
-- Starting command on Wed Mar 28 09:37:16 2018 with 854.641 GB free disk space

    cd unitigging
    /scratch/nolson/canu-1.7/Linux-amd64/bin/tgStoreLoad \
      -G ./canu.gkpStore \
      -T ./canu.ctgStore 2 \
      -L ./5-consensus/ctgcns.files \
    > ./5-consensus/ctgcns.files.ctgStoreLoad.err 2>&1

-- Finished on Wed Mar 28 09:37:16 2018 (lickety-split) with 854.604 GB free disk space
----------------------------------------
----------------------------------------
-- Starting command on Wed Mar 28 09:37:16 2018 with 854.604 GB free disk space

    cd unitigging
    /scratch/nolson/canu-1.7/Linux-amd64/bin/tgStoreLoad \
      -G ./canu.gkpStore \
      -T ./canu.utgStore 2 \
      -L ./5-consensus/utgcns.files \
    > ./5-consensus/utgcns.files.utgStoreLoad.err 2>&1

-- Finished on Wed Mar 28 09:37:16 2018 (lickety-split) with 854.594 GB free disk space
----------------------------------------
-- Purging consensus output after loading to ctgStore and/or utgStore.
-- Purged 3 .cns outputs.
----------------------------------------
-- Starting command on Wed Mar 28 09:37:16 2018 with 856.058 GB free disk space

    cd unitigging
    /scratch/nolson/canu-1.7/Linux-amd64/bin/tgStoreDump \
      -G ./canu.gkpStore \
      -T ./canu.ctgStore 2 \
      -sizes -s 7714010 \
    > ./canu.ctgStore/seqDB.v002.sizes.txt

-- Finished on Wed Mar 28 09:37:16 2018 (lickety-split) with 856.058 GB free disk space
----------------------------------------
-- Found, in version 2, after consensus generation:
--   contigs:      2 sequences, total length 4991447 bp (including 0 repeats of total length 0 bp).
--   bubbles:      0 sequences, total length 0 bp.
--   unassembled:  2618 sequences, total length 13717096 bp.
--
-- Contig sizes based on genome size --
--            NG (bp)  LG (contigs)    sum (bp)
--         ----------  ------------  ----------
--     10     4874643             1     4874643
--     20     4874643             1     4874643
--     30     4874643             1     4874643
--     40     4874643             1     4874643
--     50     4874643             1     4874643
--     60     4874643             1     4874643
--
----------------------------------------
-- Starting command on Wed Mar 28 09:37:16 2018 with 856.058 GB free disk space

    cd unitigging
    /scratch/nolson/canu-1.7/Linux-amd64/bin/tgStoreCoverageStat \
      -G ./canu.gkpStore \
      -T ./canu.ctgStore 2 \
      -s 7714010 \
      -o ./canu.ctgStore.coverageStat \
    > ./canu.ctgStore.coverageStat.err 2>&1

-- Finished on Wed Mar 28 09:37:16 2018 (lickety-split) with 856.058 GB free disk space
----------------------------------------
----------------------------------------
-- Starting command on Wed Mar 28 09:37:16 2018 with 856.058 GB free disk space

    cd unitigging/4-unitigger
    ./alignGFA.sh \
    > alignGFA.err 2>&1

-- Finished on Wed Mar 28 09:37:18 2018 (2 seconds) with 856.058 GB free disk space
----------------------------------------
----------------------------------------
-- Starting command on Wed Mar 28 09:37:18 2018 with 856.058 GB free disk space

    cd .
    /scratch/nolson/canu-1.7/Linux-amd64/bin/tgStoreDump \
      -G ./unitigging/canu.gkpStore \
      -T ./unitigging/canu.ctgStore 2 \
      -o ./canu.contigs \
      -layout \
    > ./canu.contigs.layout.err 2>&1

-- Finished on Wed Mar 28 09:37:18 2018 (lickety-split) with 856.02 GB free disk space
----------------------------------------
----------------------------------------
-- Starting command on Wed Mar 28 09:37:18 2018 with 856.02 GB free disk space

    cd .
    /scratch/nolson/canu-1.7/Linux-amd64/bin/tgStoreDump \
      -G ./unitigging/canu.gkpStore \
      -T ./unitigging/canu.utgStore 2 \
      -o ./canu.unitigs \
      -layout \
    > ./canu.unitigs.layout.err 2>&1

-- Finished on Wed Mar 28 09:37:18 2018 (lickety-split) with 856.008 GB free disk space
----------------------------------------
----------------------------------------
-- Starting command on Wed Mar 28 09:37:18 2018 with 856.008 GB free disk space

    cd .
    /scratch/nolson/canu-1.7/Linux-amd64/bin/tgStoreDump \
      -G ./unitigging/canu.gkpStore \
      -T ./unitigging/canu.ctgStore 2 \
      -consensus -fasta \
      -unassembled \
    > ./canu.unassembled.fasta
    2> ./canu.unassembled.err

-- Finished on Wed Mar 28 09:37:18 2018 (lickety-split) with 855.995 GB free disk space
----------------------------------------
----------------------------------------
-- Starting command on Wed Mar 28 09:37:18 2018 with 855.995 GB free disk space

    cd .
    /scratch/nolson/canu-1.7/Linux-amd64/bin/tgStoreDump \
      -G ./unitigging/canu.gkpStore \
      -T ./unitigging/canu.ctgStore 2 \
      -consensus -fasta \
      -contigs \
    > ./canu.contigs.fasta
    2> ./canu.contigs.err

-- Finished on Wed Mar 28 09:37:19 2018 (1 second) with 855.991 GB free disk space
----------------------------------------
----------------------------------------
-- Starting command on Wed Mar 28 09:37:19 2018 with 855.991 GB free disk space

    cd .
    /scratch/nolson/canu-1.7/Linux-amd64/bin/tgStoreDump \
      -G ./unitigging/canu.gkpStore \
      -T ./unitigging/canu.utgStore 2 \
      -consensus -fasta \
      -contigs \
    > ./canu.unitigs.fasta
    2> ./canu.unitigs.err

-- Finished on Wed Mar 28 09:37:19 2018 (lickety-split) with 855.986 GB free disk space
----------------------------------------
--
-- Assembly 'canu' finished in '/scratch/jackson/mix_path_asm/NIST_2-canu'.
--
-- Summary saved in 'canu.report'.
--
-- Sequences saved:
--   Contigs       -> 'canu.contigs.fasta'
--   Unassembled   -> 'canu.unassembled.fasta'
--   Unitigs       -> 'canu.unitigs.fasta'
--
-- Read layouts saved:
--   Contigs       -> 'canu.contigs.layout'.
--   Unitigs       -> 'canu.unitigs.layout'.
--
-- Graphs saved:
--   Contigs       -> 'canu.contigs.gfa'.
--   Unitigs       -> 'canu.unitigs.gfa'.
--
-- Bye.
